<?xml version="1.0" encoding="UTF-8"?>
<!-- Generated by org.testng.reporters.JUnitReportReporter -->
<testsuite skipped="0" hostname="del1-lhp-n01850" name="com.proofhub.testcases.UsernamePageTest" tests="3" failures="0" timestamp="2021-06-01T16:03:52 IST" time="26.866" errors="0">
  <testcase name="usernamePageTitleTest" time="7.393" classname="com.proofhub.testcases.UsernamePageTest"/>
  <system-out/>
  <testcase name="uiElementsTest" time="6.831" classname="com.proofhub.testcases.UsernamePageTest"/>
  <system-out/>
  <testcase name="usernamePage" time="12.642" classname="com.proofhub.testcases.UsernamePageTest"/>
  <system-out/>
</testsuite> <!-- com.proofhub.testcases.UsernamePageTest -->
