<?xml version="1.0" encoding="UTF-8"?>
<!-- Generated by org.testng.reporters.JUnitReportReporter -->
<testsuite skipped="0" hostname="del1-lhp-n01850" name="com.proofhub.testcases.ProjectAddTest" tests="4" failures="0" timestamp="2020-08-18T16:12:06 IST" time="131.303" errors="0">
  <testcase name="validateAddProjectScreenOpenedTest" time="24.670" classname="com.proofhub.testcases.ProjectAddTest"/>
  <system-out/>
  <testcase name="addProjectWithMandatoryFieldsTest" time="36.294" classname="com.proofhub.testcases.ProjectAddTest"/>
  <system-out/>
  <testcase name="addProjectWithMandatoryFieldsTest" time="35.492" classname="com.proofhub.testcases.ProjectAddTest"/>
  <system-out/>
  <testcase name="addProjectWithMandatoryFieldsTest" time="34.847" classname="com.proofhub.testcases.ProjectAddTest"/>
  <system-out/>
</testsuite> <!-- com.proofhub.testcases.ProjectAddTest -->
