<?xml version="1.0" encoding="UTF-8"?>
<!-- Generated by org.testng.reporters.JUnitReportReporter -->
<testsuite skipped="0" hostname="del1-lhp-n01850" name="com.proofhub.testcases.ProjectsAssignedToMeTest" tests="1" failures="0" timestamp="2020-08-17T19:29:43 IST" time="22.131" errors="0">
  <testcase name="validateAssignedToMePageLoadedTest" time="22.131" classname="com.proofhub.testcases.ProjectsAssignedToMeTest"/>
  <system-out/>
</testsuite> <!-- com.proofhub.testcases.ProjectsAssignedToMeTest -->
