<?xml version="1.0" encoding="UTF-8"?>
<!-- Generated by org.testng.reporters.JUnitReportReporter -->
<testsuite skipped="0" hostname="del1-lhp-n01850" name="com.proofhub.testcases.PasswordPageTest" tests="3" failures="0" timestamp="2020-08-17T18:40:38 IST" time="59.104" errors="0">
  <testcase name="verifyLoginButtonOnPasswordPageTest" time="19.964" classname="com.proofhub.testcases.PasswordPageTest"/>
  <system-out/>
  <testcase name="verifyBackToLoginLinkTest" time="20.021" classname="com.proofhub.testcases.PasswordPageTest"/>
  <system-out/>
  <testcase name="login" time="19.119" classname="com.proofhub.testcases.PasswordPageTest"/>
  <system-out/>
</testsuite> <!-- com.proofhub.testcases.PasswordPageTest -->
