<?xml version="1.0" encoding="UTF-8"?>
<!-- Generated by org.testng.reporters.JUnitReportReporter -->
<testsuite skipped="0" hostname="del1-lhp-n01850" name="com.proofhub.testcases.ProjectsAssignedToMeTest" tests="1" failures="0" timestamp="2020-08-19T08:37:44 IST" time="29.180" errors="0">
  <testcase name="validateAssignedToMePageLoadedTest" time="29.180" classname="com.proofhub.testcases.ProjectsAssignedToMeTest"/>
  <system-out/>
</testsuite> <!-- com.proofhub.testcases.ProjectsAssignedToMeTest -->
