<?xml version="1.0" encoding="UTF-8"?>
<!-- Generated by org.testng.reporters.JUnitReportReporter -->
<testsuite skipped="0" hostname="del1-lhp-n01850" name="com.proofhub.testcases.HomePageTest" tests="1" failures="0" timestamp="2020-08-19T08:37:44 IST" time="28.322" errors="0">
  <testcase name="validateHomePageAfterLogin" time="28.322" classname="com.proofhub.testcases.HomePageTest"/>
  <system-out/>
</testsuite> <!-- com.proofhub.testcases.HomePageTest -->
