<?xml version="1.0" encoding="UTF-8"?>
<!-- Generated by org.testng.reporters.JUnitReportReporter -->
<testsuite skipped="0" hostname="del1-lhp-n01850" name="com.proofhub.testcases.ProjectAddTest" tests="4" failures="0" timestamp="2020-08-19T08:37:44 IST" time="163.145" errors="0">
  <testcase name="validateAddProjectScreenOpenedTest" time="31.039" classname="com.proofhub.testcases.ProjectAddTest"/>
  <system-out/>
  <testcase name="addProjectWithMandatoryFieldsTest" time="43.110" classname="com.proofhub.testcases.ProjectAddTest"/>
  <system-out/>
  <testcase name="addProjectWithMandatoryFieldsTest" time="44.906" classname="com.proofhub.testcases.ProjectAddTest"/>
  <system-out/>
  <testcase name="addProjectWithMandatoryFieldsTest" time="44.090" classname="com.proofhub.testcases.ProjectAddTest"/>
  <system-out/>
</testsuite> <!-- com.proofhub.testcases.ProjectAddTest -->
